-------------------------------------------------------------------------------
Test set: TestSuite
-------------------------------------------------------------------------------
Tests run: 17, Failures: 14, Errors: 0, Skipped: 3, Time elapsed: 40.66 s <<< FAILURE! - in TestSuite
verifyTitle(tests.HomePageTest)  Time elapsed: 0.942 s  <<< FAILURE!
java.lang.AssertionError: Title does not match expected [Oculus | VR Headsets & Equipment] but found [Oculus | VR Headsets, Games & Equipment]
	at tests.HomePageTest.verifyTitle(HomePageTest.java:15)

verifyLogo(tests.HomePageTest)  Time elapsed: 0.795 s  <<< FAILURE!
org.openqa.selenium.NoSuchElementException: 
no such element: Unable to locate element: {"method":"css selector","selector":"._2v0_"}
  (Session info: chrome=98.0.4758.80)
For documentation on this error, please visit: https://www.seleniumhq.org/exceptions/no_such_element.html
Build info: version: '3.141.59', revision: 'e82be7d358', time: '2018-11-14T08:17:03'
System info: host: 'Nikhils-MacBook-Pro.local', ip: '192.168.29.29', os.name: 'Mac OS X', os.arch: 'x86_64', os.version: '12.2', java.version: '17.0.2'
Driver info: org.openqa.selenium.chrome.ChromeDriver
Capabilities {acceptInsecureCerts: false, browserName: chrome, browserVersion: 98.0.4758.80, chrome: {chromedriverVersion: 98.0.4758.80 (7f0488e8ba0d8..., userDataDir: /var/folders/yv/t1fd9k9j6lv...}, goog:chromeOptions: {debuggerAddress: localhost:49320}, javascriptEnabled: true, networkConnectionEnabled: false, pageLoadStrategy: normal, platform: MAC, platformName: MAC, proxy: Proxy(), setWindowRect: true, strictFileInteractability: false, timeouts: {implicit: 0, pageLoad: 300000, script: 30000}, unhandledPromptBehavior: dismiss and notify, webauthn:extension:credBlob: true, webauthn:extension:largeBlob: true, webauthn:virtualAuthenticators: true}
Session ID: da59b005615dced732d2fed605cf5d3d
*** Element info: {Using=css selector, value=._2v0_}
	at tests.HomePageTest.verifyLogo(HomePageTest.java:23)

verifyHeadsetsDropdown(tests.HomePageTest)  Time elapsed: 0.71 s  <<< FAILURE!
org.openqa.selenium.NoSuchElementException: 
no such element: Unable to locate element: {"method":"css selector","selector":"#u_0_x"}
  (Session info: chrome=98.0.4758.80)
For documentation on this error, please visit: https://www.seleniumhq.org/exceptions/no_such_element.html
Build info: version: '3.141.59', revision: 'e82be7d358', time: '2018-11-14T08:17:03'
System info: host: 'Nikhils-MacBook-Pro.local', ip: '192.168.29.29', os.name: 'Mac OS X', os.arch: 'x86_64', os.version: '12.2', java.version: '17.0.2'
Driver info: org.openqa.selenium.chrome.ChromeDriver
Capabilities {acceptInsecureCerts: false, browserName: chrome, browserVersion: 98.0.4758.80, chrome: {chromedriverVersion: 98.0.4758.80 (7f0488e8ba0d8..., userDataDir: /var/folders/yv/t1fd9k9j6lv...}, goog:chromeOptions: {debuggerAddress: localhost:49320}, javascriptEnabled: true, networkConnectionEnabled: false, pageLoadStrategy: normal, platform: MAC, platformName: MAC, proxy: Proxy(), setWindowRect: true, strictFileInteractability: false, timeouts: {implicit: 0, pageLoad: 300000, script: 30000}, unhandledPromptBehavior: dismiss and notify, webauthn:extension:credBlob: true, webauthn:extension:largeBlob: true, webauthn:virtualAuthenticators: true}
Session ID: da59b005615dced732d2fed605cf5d3d
*** Element info: {Using=id, value=u_0_x}
	at tests.HomePageTest.verifyHeadsetsDropdown(HomePageTest.java:30)

navigateToLoginPage(tests.LoginPageTest)  Time elapsed: 0.743 s  <<< FAILURE!
org.openqa.selenium.NoSuchElementException: 
no such element: Unable to locate element: {"method":"xpath","selector":"//a[contains(text(), 'Log In or Sign Up')]"}
  (Session info: chrome=98.0.4758.80)
For documentation on this error, please visit: https://www.seleniumhq.org/exceptions/no_such_element.html
Build info: version: '3.141.59', revision: 'e82be7d358', time: '2018-11-14T08:17:03'
System info: host: 'Nikhils-MacBook-Pro.local', ip: '192.168.29.29', os.name: 'Mac OS X', os.arch: 'x86_64', os.version: '12.2', java.version: '17.0.2'
Driver info: org.openqa.selenium.chrome.ChromeDriver
Capabilities {acceptInsecureCerts: false, browserName: chrome, browserVersion: 98.0.4758.80, chrome: {chromedriverVersion: 98.0.4758.80 (7f0488e8ba0d8..., userDataDir: /var/folders/yv/t1fd9k9j6lv...}, goog:chromeOptions: {debuggerAddress: localhost:49390}, javascriptEnabled: true, networkConnectionEnabled: false, pageLoadStrategy: normal, platform: MAC, platformName: MAC, proxy: Proxy(), setWindowRect: true, strictFileInteractability: false, timeouts: {implicit: 0, pageLoad: 300000, script: 30000}, unhandledPromptBehavior: dismiss and notify, webauthn:extension:credBlob: true, webauthn:extension:largeBlob: true, webauthn:virtualAuthenticators: true}
Session ID: d981f2b99dd01e6f6cd7d33a67e4eac4
*** Element info: {Using=xpath, value=//a[contains(text(), 'Log In or Sign Up')]}
	at tests.LoginPageTest.navigateToLoginPage(LoginPageTest.java:19)

verifyInvalidLoginCredentials(tests.LoginPageTest)  Time elapsed: 0.696 s  <<< FAILURE!
org.openqa.selenium.NoSuchElementException: 
no such element: Unable to locate element: {"method":"css selector","selector":"#email"}
  (Session info: chrome=98.0.4758.80)
For documentation on this error, please visit: https://www.seleniumhq.org/exceptions/no_such_element.html
Build info: version: '3.141.59', revision: 'e82be7d358', time: '2018-11-14T08:17:03'
System info: host: 'Nikhils-MacBook-Pro.local', ip: '192.168.29.29', os.name: 'Mac OS X', os.arch: 'x86_64', os.version: '12.2', java.version: '17.0.2'
Driver info: org.openqa.selenium.chrome.ChromeDriver
Capabilities {acceptInsecureCerts: false, browserName: chrome, browserVersion: 98.0.4758.80, chrome: {chromedriverVersion: 98.0.4758.80 (7f0488e8ba0d8..., userDataDir: /var/folders/yv/t1fd9k9j6lv...}, goog:chromeOptions: {debuggerAddress: localhost:49390}, javascriptEnabled: true, networkConnectionEnabled: false, pageLoadStrategy: normal, platform: MAC, platformName: MAC, proxy: Proxy(), setWindowRect: true, strictFileInteractability: false, timeouts: {implicit: 0, pageLoad: 300000, script: 30000}, unhandledPromptBehavior: dismiss and notify, webauthn:extension:credBlob: true, webauthn:extension:largeBlob: true, webauthn:virtualAuthenticators: true}
Session ID: d981f2b99dd01e6f6cd7d33a67e4eac4
*** Element info: {Using=id, value=email}
	at tests.LoginPageTest.verifyInvalidLoginCredentials(LoginPageTest.java:37)

verifyInvalidLoginCredentials(tests.LoginPageTest)  Time elapsed: 0.672 s  <<< FAILURE!
org.openqa.selenium.NoSuchElementException: 
no such element: Unable to locate element: {"method":"css selector","selector":"#email"}
  (Session info: chrome=98.0.4758.80)
For documentation on this error, please visit: https://www.seleniumhq.org/exceptions/no_such_element.html
Build info: version: '3.141.59', revision: 'e82be7d358', time: '2018-11-14T08:17:03'
System info: host: 'Nikhils-MacBook-Pro.local', ip: '192.168.29.29', os.name: 'Mac OS X', os.arch: 'x86_64', os.version: '12.2', java.version: '17.0.2'
Driver info: org.openqa.selenium.chrome.ChromeDriver
Capabilities {acceptInsecureCerts: false, browserName: chrome, browserVersion: 98.0.4758.80, chrome: {chromedriverVersion: 98.0.4758.80 (7f0488e8ba0d8..., userDataDir: /var/folders/yv/t1fd9k9j6lv...}, goog:chromeOptions: {debuggerAddress: localhost:49390}, javascriptEnabled: true, networkConnectionEnabled: false, pageLoadStrategy: normal, platform: MAC, platformName: MAC, proxy: Proxy(), setWindowRect: true, strictFileInteractability: false, timeouts: {implicit: 0, pageLoad: 300000, script: 30000}, unhandledPromptBehavior: dismiss and notify, webauthn:extension:credBlob: true, webauthn:extension:largeBlob: true, webauthn:virtualAuthenticators: true}
Session ID: d981f2b99dd01e6f6cd7d33a67e4eac4
*** Element info: {Using=id, value=email}
	at tests.LoginPageTest.verifyInvalidLoginCredentials(LoginPageTest.java:37)

verifyLogin(tests.LoginPageTest)  Time elapsed: 0.688 s  <<< FAILURE!
org.openqa.selenium.NoSuchElementException: 
no such element: Unable to locate element: {"method":"css selector","selector":"#email"}
  (Session info: chrome=98.0.4758.80)
For documentation on this error, please visit: https://www.seleniumhq.org/exceptions/no_such_element.html
Build info: version: '3.141.59', revision: 'e82be7d358', time: '2018-11-14T08:17:03'
System info: host: 'Nikhils-MacBook-Pro.local', ip: '192.168.29.29', os.name: 'Mac OS X', os.arch: 'x86_64', os.version: '12.2', java.version: '17.0.2'
Driver info: org.openqa.selenium.chrome.ChromeDriver
Capabilities {acceptInsecureCerts: false, browserName: chrome, browserVersion: 98.0.4758.80, chrome: {chromedriverVersion: 98.0.4758.80 (7f0488e8ba0d8..., userDataDir: /var/folders/yv/t1fd9k9j6lv...}, goog:chromeOptions: {debuggerAddress: localhost:49390}, javascriptEnabled: true, networkConnectionEnabled: false, pageLoadStrategy: normal, platform: MAC, platformName: MAC, proxy: Proxy(), setWindowRect: true, strictFileInteractability: false, timeouts: {implicit: 0, pageLoad: 300000, script: 30000}, unhandledPromptBehavior: dismiss and notify, webauthn:extension:credBlob: true, webauthn:extension:largeBlob: true, webauthn:virtualAuthenticators: true}
Session ID: d981f2b99dd01e6f6cd7d33a67e4eac4
*** Element info: {Using=id, value=email}
	at tests.LoginPageTest.verifyLogin(LoginPageTest.java:51)

navigateToForumsPage(tests.ForumsPageTest)  Time elapsed: 0.768 s  <<< FAILURE!
org.openqa.selenium.NoSuchElementException: 
no such element: Unable to locate element: {"method":"css selector","selector":"#u_0_15"}
  (Session info: chrome=98.0.4758.80)
For documentation on this error, please visit: https://www.seleniumhq.org/exceptions/no_such_element.html
Build info: version: '3.141.59', revision: 'e82be7d358', time: '2018-11-14T08:17:03'
System info: host: 'Nikhils-MacBook-Pro.local', ip: '192.168.29.29', os.name: 'Mac OS X', os.arch: 'x86_64', os.version: '12.2', java.version: '17.0.2'
Driver info: org.openqa.selenium.chrome.ChromeDriver
Capabilities {acceptInsecureCerts: false, browserName: chrome, browserVersion: 98.0.4758.80, chrome: {chromedriverVersion: 98.0.4758.80 (7f0488e8ba0d8..., userDataDir: /var/folders/yv/t1fd9k9j6lv...}, goog:chromeOptions: {debuggerAddress: localhost:49467}, javascriptEnabled: true, networkConnectionEnabled: false, pageLoadStrategy: normal, platform: MAC, platformName: MAC, proxy: Proxy(), setWindowRect: true, strictFileInteractability: false, timeouts: {implicit: 0, pageLoad: 300000, script: 30000}, unhandledPromptBehavior: dismiss and notify, webauthn:extension:credBlob: true, webauthn:extension:largeBlob: true, webauthn:virtualAuthenticators: true}
Session ID: 4c5cdb9d0d2cab901123e9fd84a97fc2
*** Element info: {Using=id, value=u_0_15}
	at tests.ForumsPageTest.navigateToForumsPage(ForumsPageTest.java:17)

clickNextPage(tests.ForumsPageTest)  Time elapsed: 0.682 s  <<< FAILURE!
org.openqa.selenium.NoSuchElementException: 
no such element: Unable to locate element: {"method":"css selector","selector":"#PagerBefore"}
  (Session info: chrome=98.0.4758.80)
For documentation on this error, please visit: https://www.seleniumhq.org/exceptions/no_such_element.html
Build info: version: '3.141.59', revision: 'e82be7d358', time: '2018-11-14T08:17:03'
System info: host: 'Nikhils-MacBook-Pro.local', ip: '192.168.29.29', os.name: 'Mac OS X', os.arch: 'x86_64', os.version: '12.2', java.version: '17.0.2'
Driver info: org.openqa.selenium.chrome.ChromeDriver
Capabilities {acceptInsecureCerts: false, browserName: chrome, browserVersion: 98.0.4758.80, chrome: {chromedriverVersion: 98.0.4758.80 (7f0488e8ba0d8..., userDataDir: /var/folders/yv/t1fd9k9j6lv...}, goog:chromeOptions: {debuggerAddress: localhost:49467}, javascriptEnabled: true, networkConnectionEnabled: false, pageLoadStrategy: normal, platform: MAC, platformName: MAC, proxy: Proxy(), setWindowRect: true, strictFileInteractability: false, timeouts: {implicit: 0, pageLoad: 300000, script: 30000}, unhandledPromptBehavior: dismiss and notify, webauthn:extension:credBlob: true, webauthn:extension:largeBlob: true, webauthn:virtualAuthenticators: true}
Session ID: 4c5cdb9d0d2cab901123e9fd84a97fc2
*** Element info: {Using=css selector, value=#PagerBefore}
	at tests.ForumsPageTest.clickNextPage(ForumsPageTest.java:35)

verifyForumSearch(tests.ForumsPageTest)  Time elapsed: 0.69 s  <<< FAILURE!
org.openqa.selenium.NoSuchElementException: 
no such element: Unable to locate element: {"method":"css selector","selector":"#Form_Search"}
  (Session info: chrome=98.0.4758.80)
For documentation on this error, please visit: https://www.seleniumhq.org/exceptions/no_such_element.html
Build info: version: '3.141.59', revision: 'e82be7d358', time: '2018-11-14T08:17:03'
System info: host: 'Nikhils-MacBook-Pro.local', ip: '192.168.29.29', os.name: 'Mac OS X', os.arch: 'x86_64', os.version: '12.2', java.version: '17.0.2'
Driver info: org.openqa.selenium.chrome.ChromeDriver
Capabilities {acceptInsecureCerts: false, browserName: chrome, browserVersion: 98.0.4758.80, chrome: {chromedriverVersion: 98.0.4758.80 (7f0488e8ba0d8..., userDataDir: /var/folders/yv/t1fd9k9j6lv...}, goog:chromeOptions: {debuggerAddress: localhost:49467}, javascriptEnabled: true, networkConnectionEnabled: false, pageLoadStrategy: normal, platform: MAC, platformName: MAC, proxy: Proxy(), setWindowRect: true, strictFileInteractability: false, timeouts: {implicit: 0, pageLoad: 300000, script: 30000}, unhandledPromptBehavior: dismiss and notify, webauthn:extension:credBlob: true, webauthn:extension:largeBlob: true, webauthn:virtualAuthenticators: true}
Session ID: 4c5cdb9d0d2cab901123e9fd84a97fc2
*** Element info: {Using=css selector, value=#Form_Search}
	at tests.ForumsPageTest.verifyForumSearch(ForumsPageTest.java:48)

navigateToCart(tests.CheckoutTest)  Time elapsed: 0.839 s  <<< FAILURE!
org.openqa.selenium.NoSuchElementException: 
no such element: Unable to locate element: {"method":"css selector","selector":"#u_0_x"}
  (Session info: chrome=98.0.4758.80)
For documentation on this error, please visit: https://www.seleniumhq.org/exceptions/no_such_element.html
Build info: version: '3.141.59', revision: 'e82be7d358', time: '2018-11-14T08:17:03'
System info: host: 'Nikhils-MacBook-Pro.local', ip: '192.168.29.29', os.name: 'Mac OS X', os.arch: 'x86_64', os.version: '12.2', java.version: '17.0.2'
Driver info: org.openqa.selenium.chrome.ChromeDriver
Capabilities {acceptInsecureCerts: false, browserName: chrome, browserVersion: 98.0.4758.80, chrome: {chromedriverVersion: 98.0.4758.80 (7f0488e8ba0d8..., userDataDir: /var/folders/yv/t1fd9k9j6lv...}, goog:chromeOptions: {debuggerAddress: localhost:49535}, javascriptEnabled: true, networkConnectionEnabled: false, pageLoadStrategy: normal, platform: MAC, platformName: MAC, proxy: Proxy(), setWindowRect: true, strictFileInteractability: false, timeouts: {implicit: 0, pageLoad: 300000, script: 30000}, unhandledPromptBehavior: dismiss and notify, webauthn:extension:credBlob: true, webauthn:extension:largeBlob: true, webauthn:virtualAuthenticators: true}
Session ID: 672bac3371358b4859e49a8b1f01833a
*** Element info: {Using=id, value=u_0_x}
	at tests.CheckoutTest.navigateToCart(CheckoutTest.java:17)

verifyRemovingFromCart(tests.CheckoutTest)  Time elapsed: 0.718 s  <<< FAILURE!
org.openqa.selenium.NoSuchElementException: 
no such element: Unable to locate element: {"method":"xpath","selector":"//button[contains(text(), 'Remove')]"}
  (Session info: chrome=98.0.4758.80)
For documentation on this error, please visit: https://www.seleniumhq.org/exceptions/no_such_element.html
Build info: version: '3.141.59', revision: 'e82be7d358', time: '2018-11-14T08:17:03'
System info: host: 'Nikhils-MacBook-Pro.local', ip: '192.168.29.29', os.name: 'Mac OS X', os.arch: 'x86_64', os.version: '12.2', java.version: '17.0.2'
Driver info: org.openqa.selenium.chrome.ChromeDriver
Capabilities {acceptInsecureCerts: false, browserName: chrome, browserVersion: 98.0.4758.80, chrome: {chromedriverVersion: 98.0.4758.80 (7f0488e8ba0d8..., userDataDir: /var/folders/yv/t1fd9k9j6lv...}, goog:chromeOptions: {debuggerAddress: localhost:49535}, javascriptEnabled: true, networkConnectionEnabled: false, pageLoadStrategy: normal, platform: MAC, platformName: MAC, proxy: Proxy(), setWindowRect: true, strictFileInteractability: false, timeouts: {implicit: 0, pageLoad: 300000, script: 30000}, unhandledPromptBehavior: dismiss and notify, webauthn:extension:credBlob: true, webauthn:extension:largeBlob: true, webauthn:virtualAuthenticators: true}
Session ID: 672bac3371358b4859e49a8b1f01833a
*** Element info: {Using=xpath, value=//button[contains(text(), 'Remove')]}
	at tests.CheckoutTest.verifyRemovingFromCart(CheckoutTest.java:29)

selectAShippingCountry(tests.CheckoutTest)  Time elapsed: 0.716 s  <<< FAILURE!
org.openqa.selenium.NoSuchElementException: 
no such element: Unable to locate element: {"method":"css selector","selector":"#shippingCountry"}
  (Session info: chrome=98.0.4758.80)
For documentation on this error, please visit: https://www.seleniumhq.org/exceptions/no_such_element.html
Build info: version: '3.141.59', revision: 'e82be7d358', time: '2018-11-14T08:17:03'
System info: host: 'Nikhils-MacBook-Pro.local', ip: '192.168.29.29', os.name: 'Mac OS X', os.arch: 'x86_64', os.version: '12.2', java.version: '17.0.2'
Driver info: org.openqa.selenium.chrome.ChromeDriver
Capabilities {acceptInsecureCerts: false, browserName: chrome, browserVersion: 98.0.4758.80, chrome: {chromedriverVersion: 98.0.4758.80 (7f0488e8ba0d8..., userDataDir: /var/folders/yv/t1fd9k9j6lv...}, goog:chromeOptions: {debuggerAddress: localhost:49535}, javascriptEnabled: true, networkConnectionEnabled: false, pageLoadStrategy: normal, platform: MAC, platformName: MAC, proxy: Proxy(), setWindowRect: true, strictFileInteractability: false, timeouts: {implicit: 0, pageLoad: 300000, script: 30000}, unhandledPromptBehavior: dismiss and notify, webauthn:extension:credBlob: true, webauthn:extension:largeBlob: true, webauthn:virtualAuthenticators: true}
Session ID: 672bac3371358b4859e49a8b1f01833a
*** Element info: {Using=css selector, value=#shippingCountry}
	at tests.CheckoutTest.selectAShippingCountry(CheckoutTest.java:45)

verifyClickingCheckoutLoadsCheckoutPage(tests.CheckoutTest)  Time elapsed: 0.671 s  <<< FAILURE!
org.openqa.selenium.NoSuchElementException: 
no such element: Unable to locate element: {"method":"css selector","selector":"._4ju3._4pg_._3hmq._4phk"}
  (Session info: chrome=98.0.4758.80)
For documentation on this error, please visit: https://www.seleniumhq.org/exceptions/no_such_element.html
Build info: version: '3.141.59', revision: 'e82be7d358', time: '2018-11-14T08:17:03'
System info: host: 'Nikhils-MacBook-Pro.local', ip: '192.168.29.29', os.name: 'Mac OS X', os.arch: 'x86_64', os.version: '12.2', java.version: '17.0.2'
Driver info: org.openqa.selenium.chrome.ChromeDriver
Capabilities {acceptInsecureCerts: false, browserName: chrome, browserVersion: 98.0.4758.80, chrome: {chromedriverVersion: 98.0.4758.80 (7f0488e8ba0d8..., userDataDir: /var/folders/yv/t1fd9k9j6lv...}, goog:chromeOptions: {debuggerAddress: localhost:49535}, javascriptEnabled: true, networkConnectionEnabled: false, pageLoadStrategy: normal, platform: MAC, platformName: MAC, proxy: Proxy(), setWindowRect: true, strictFileInteractability: false, timeouts: {implicit: 0, pageLoad: 300000, script: 30000}, unhandledPromptBehavior: dismiss and notify, webauthn:extension:credBlob: true, webauthn:extension:largeBlob: true, webauthn:virtualAuthenticators: true}
Session ID: 672bac3371358b4859e49a8b1f01833a
*** Element info: {Using=css selector, value=._4ju3._4pg_._3hmq._4phk}
	at tests.CheckoutTest.verifyClickingCheckoutLoadsCheckoutPage(CheckoutTest.java:53)

